<?xml version="1.0" encoding="UTF-8"?>
<!-- Generated by org.testng.reporters.JUnitXMLReporter -->
<testsuite ignored="0" hostname="DESKTOP-5USKB80" failures="1" tests="1" name="Test" time="57.109" errors="0" timestamp="05 Jul 2022 13:17:24 GMT">
  <testcase classname="AmazonApp.AmazonApp.suites.LoginTest" name="LP" time="31.591">
    <failure type="org.openqa.selenium.WebDriverException" message="unknown error: cannot determine loading status
from unknown error: unexpected command response
  (Session info: chrome=103.0.5060.114)
Build info: version: &amp;apos;4.1.0&amp;apos;, revision: &amp;apos;87802e897b&amp;apos;
System info: host: &amp;apos;DESKTOP-5USKB80&amp;apos;, ip: &amp;apos;192.168.223.251&amp;apos;, os.name: &amp;apos;Windows 11&amp;apos;, os.arch: &amp;apos;amd64&amp;apos;, os.version: &amp;apos;10.0&amp;apos;, java.version: &amp;apos;18.0.1&amp;apos;
Driver info: org.openqa.selenium.chrome.ChromeDriver
Command: [9ad60cb7742cffe3ce59cac3094849ad, get {url=https://urldefense.com/v3/__https://www.amazon.in/ap/signin?openid.pape.max_auth_age=0&amp;amp;openid.return_to=https*3A*2F*2Fwww.amazon.in*2F*3Fref_*3Dnav_ya_signin&amp;amp;openid.identity=http*3A*2F*2Fspecs.openid.net*2Fauth*2F2.0*2Fidentifier_select&amp;amp;openid.assoc_handle=inflex&amp;amp;openid.mode=checkid_setup&amp;amp;openid.claimed_id=http*3A*2F*2Fspecs.openid.net*2Fauth*2F2.0*2Fidentifier_select&amp;amp;openid.ns=http*3A*2F*2Fspecs.openid.net*2Fauth*2F2.0&amp;amp;__;JSUlJSUlJSUlJSUlJSUlJSUlJSUlJSU!!IIU9BLNPZ2ob!O5BnUNt9-VhQGvEv1pkFn3bCmtqOKeOCkqiJFZTx7hK0Pihar548p9n6SBGCZFhLhB8qLfqE2X9v6_oRyVUL18Jq$ }]
Capabilities {acceptInsecureCerts: false, browserName: chrome, browserVersion: 103.0.5060.114, chrome: {chromedriverVersion: 103.0.5060.24 (e47b049c438c..., userDataDir: C:\Users\Ichitha\AppData\Lo...}, goog:chromeOptions: {debuggerAddress: localhost:64401}, javascriptEnabled: true, networkConnectionEnabled: false, pageLoadStrategy: normal, platform: WINDOWS, platformName: WINDOWS, proxy: Proxy(), se:cdp: ws://localhost:64401/devtoo..., se:cdpVersion: 103.0.5060.114, setWindowRect: true, strictFileInteractability: false, timeouts: {implicit: 0, pageLoad: 300000, script: 30000}, unhandledPromptBehavior: dismiss and notify, webauthn:extension:credBlob: true, webauthn:extension:largeBlob: true, webauthn:virtualAuthenticators: true}
Session ID: 9ad60cb7742cffe3ce59cac3094849ad">
      <![CDATA[org.openqa.selenium.WebDriverException: unknown error: cannot determine loading status
from unknown error: unexpected command response
  (Session info: chrome=103.0.5060.114)
Build info: version: '4.1.0', revision: '87802e897b'
System info: host: 'DESKTOP-5USKB80', ip: '192.168.223.251', os.name: 'Windows 11', os.arch: 'amd64', os.version: '10.0', java.version: '18.0.1'
Driver info: org.openqa.selenium.chrome.ChromeDriver
Command: [9ad60cb7742cffe3ce59cac3094849ad, get {url=https://urldefense.com/v3/__https://www.amazon.in/ap/signin?openid.pape.max_auth_age=0&openid.return_to=https*3A*2F*2Fwww.amazon.in*2F*3Fref_*3Dnav_ya_signin&openid.identity=http*3A*2F*2Fspecs.openid.net*2Fauth*2F2.0*2Fidentifier_select&openid.assoc_handle=inflex&openid.mode=checkid_setup&openid.claimed_id=http*3A*2F*2Fspecs.openid.net*2Fauth*2F2.0*2Fidentifier_select&openid.ns=http*3A*2F*2Fspecs.openid.net*2Fauth*2F2.0&__;JSUlJSUlJSUlJSUlJSUlJSUlJSUlJSU!!IIU9BLNPZ2ob!O5BnUNt9-VhQGvEv1pkFn3bCmtqOKeOCkqiJFZTx7hK0Pihar548p9n6SBGCZFhLhB8qLfqE2X9v6_oRyVUL18Jq$ }]
Capabilities {acceptInsecureCerts: false, browserName: chrome, browserVersion: 103.0.5060.114, chrome: {chromedriverVersion: 103.0.5060.24 (e47b049c438c..., userDataDir: C:\Users\Ichitha\AppData\Lo...}, goog:chromeOptions: {debuggerAddress: localhost:64401}, javascriptEnabled: true, networkConnectionEnabled: false, pageLoadStrategy: normal, platform: WINDOWS, platformName: WINDOWS, proxy: Proxy(), se:cdp: ws://localhost:64401/devtoo..., se:cdpVersion: 103.0.5060.114, setWindowRect: true, strictFileInteractability: false, timeouts: {implicit: 0, pageLoad: 300000, script: 30000}, unhandledPromptBehavior: dismiss and notify, webauthn:extension:credBlob: true, webauthn:extension:largeBlob: true, webauthn:virtualAuthenticators: true}
Session ID: 9ad60cb7742cffe3ce59cac3094849ad
at org.openqa.selenium.remote.codec.w3c.W3CHttpResponseCodec.createException(W3CHttpResponseCodec.java:200)
at org.openqa.selenium.remote.codec.w3c.W3CHttpResponseCodec.decode(W3CHttpResponseCodec.java:133)
at org.openqa.selenium.remote.codec.w3c.W3CHttpResponseCodec.decode(W3CHttpResponseCodec.java:53)
at org.openqa.selenium.remote.HttpCommandExecutor.execute(HttpCommandExecutor.java:184)
at org.openqa.selenium.remote.service.DriverCommandExecutor.invokeExecute(DriverCommandExecutor.java:164)
at org.openqa.selenium.remote.service.DriverCommandExecutor.execute(DriverCommandExecutor.java:139)
at org.openqa.selenium.remote.RemoteWebDriver.execute(RemoteWebDriver.java:559)
at org.openqa.selenium.remote.RemoteWebDriver.get(RemoteWebDriver.java:328)
at AmazonApp.AmazonApp.pages.LoginPage.Page(LoginPage.java:38)
at AmazonApp.AmazonApp.suites.LoginTest.LP(LoginTest.java:20)
... Removed 26 stack frames]]>
    </failure>
  </testcase> <!-- LP -->
</testsuite> <!-- Test -->
