<?xml version="1.0" encoding="UTF-8"?>
<testng-results ignored="0" total="2" passed="2" failed="0" skipped="0">
  <reporter-output>
  </reporter-output>
  <suite started-at="2022-07-07T15:04:14Z" name="Suite" finished-at="2022-07-07T15:05:42Z" duration-ms="87340">
    <groups>
    </groups>
    <test started-at="2022-07-07T15:04:14Z" name="Test1" finished-at="2022-07-07T15:04:56Z" duration-ms="41840">
      <class name="AmazonApp.AmazonApp.suites.LoginTest">
        <test-method is-config="true" signature="setup(java.lang.String)[pri:0, instance:AmazonApp.AmazonApp.suites.LoginTest@69b2283a]" started-at="2022-07-07T15:04:15Z" name="setup" finished-at="2022-07-07T15:04:22Z" duration-ms="7336" status="PASS">
          <params>
            <param index="0">
              <value>
                <![CDATA[edge]]>
              </value>
            </param>
          </params>
          <reporter-output>
          </reporter-output>
        </test-method> <!-- setup -->
        <test-method signature="LP()[pri:0, instance:AmazonApp.AmazonApp.suites.LoginTest@69b2283a]" started-at="2022-07-07T15:04:22Z" name="LP" finished-at="2022-07-07T15:04:54Z" duration-ms="31703" status="PASS">
          <reporter-output>
          </reporter-output>
        </test-method> <!-- LP -->
        <test-method is-config="true" signature="teardown()[pri:0, instance:AmazonApp.AmazonApp.suites.LoginTest@69b2283a]" started-at="2022-07-07T15:04:54Z" name="teardown" finished-at="2022-07-07T15:04:56Z" duration-ms="2728" status="PASS">
          <reporter-output>
          </reporter-output>
        </test-method> <!-- teardown -->
      </class> <!-- AmazonApp.AmazonApp.suites.LoginTest -->
    </test> <!-- Test1 -->
    <test started-at="2022-07-07T15:04:14Z" name="Test2" finished-at="2022-07-07T15:05:42Z" duration-ms="87340">
      <class name="AmazonApp.AmazonApp.suites.LoginTest">
        <test-method is-config="true" signature="setup(java.lang.String)[pri:0, instance:AmazonApp.AmazonApp.suites.LoginTest@64cd705f]" started-at="2022-07-07T15:04:15Z" name="setup" finished-at="2022-07-07T15:04:20Z" duration-ms="5721" status="PASS">
          <params>
            <param index="0">
              <value>
                <![CDATA[edge]]>
              </value>
            </param>
          </params>
          <reporter-output>
          </reporter-output>
        </test-method> <!-- setup -->
        <test-method signature="LP()[pri:0, instance:AmazonApp.AmazonApp.suites.LoginTest@64cd705f]" started-at="2022-07-07T15:04:20Z" name="LP" finished-at="2022-07-07T15:05:41Z" duration-ms="80645" status="PASS">
          <reporter-output>
          </reporter-output>
        </test-method> <!-- LP -->
        <test-method is-config="true" signature="teardown()[pri:0, instance:AmazonApp.AmazonApp.suites.LoginTest@64cd705f]" started-at="2022-07-07T15:05:41Z" name="teardown" finished-at="2022-07-07T15:05:42Z" duration-ms="912" status="PASS">
          <reporter-output>
          </reporter-output>
        </test-method> <!-- teardown -->
      </class> <!-- AmazonApp.AmazonApp.suites.LoginTest -->
    </test> <!-- Test2 -->
  </suite> <!-- Suite -->
</testng-results>
