<?xml version="1.0" encoding="UTF-8"?>
<testng-results ignored="0" total="2" passed="2" failed="0" skipped="0">
  <reporter-output>
  </reporter-output>
  <suite started-at="2022-07-07T05:23:02Z" name="Suite" finished-at="2022-07-07T05:25:06Z" duration-ms="124237">
    <groups>
    </groups>
    <test started-at="2022-07-07T05:23:02Z" name="Test1" finished-at="2022-07-07T05:23:37Z" duration-ms="35225">
      <class name="AmazonApp.AmazonApp.suites.LoginTest">
        <test-method is-config="true" signature="setup(java.lang.String)[pri:0, instance:AmazonApp.AmazonApp.suites.LoginTest@5223e5ee]" started-at="2022-07-07T05:23:02Z" name="setup" finished-at="2022-07-07T05:23:11Z" duration-ms="8818" status="PASS">
          <params>
            <param index="0">
              <value>
                <![CDATA[edge]]>
              </value>
            </param>
          </params>
          <reporter-output>
          </reporter-output>
        </test-method> <!-- setup -->
        <test-method signature="LP()[pri:0, instance:AmazonApp.AmazonApp.suites.LoginTest@5223e5ee]" started-at="2022-07-07T05:23:11Z" name="LP" finished-at="2022-07-07T05:23:33Z" duration-ms="22738" status="PASS">
          <reporter-output>
          </reporter-output>
        </test-method> <!-- LP -->
        <test-method is-config="true" signature="teardown()[pri:0, instance:AmazonApp.AmazonApp.suites.LoginTest@5223e5ee]" started-at="2022-07-07T05:23:33Z" name="teardown" finished-at="2022-07-07T05:23:37Z" duration-ms="3547" status="PASS">
          <reporter-output>
          </reporter-output>
        </test-method> <!-- teardown -->
      </class> <!-- AmazonApp.AmazonApp.suites.LoginTest -->
    </test> <!-- Test1 -->
    <test started-at="2022-07-07T05:23:02Z" name="Test2" finished-at="2022-07-07T05:25:06Z" duration-ms="124235">
      <class name="AmazonApp.AmazonApp.suites.LoginTest">
        <test-method is-config="true" signature="setup(java.lang.String)[pri:0, instance:AmazonApp.AmazonApp.suites.LoginTest@a9cd3b1]" started-at="2022-07-07T05:23:02Z" name="setup" finished-at="2022-07-07T05:23:09Z" duration-ms="6945" status="PASS">
          <params>
            <param index="0">
              <value>
                <![CDATA[edge]]>
              </value>
            </param>
          </params>
          <reporter-output>
          </reporter-output>
        </test-method> <!-- setup -->
        <test-method signature="LP()[pri:0, instance:AmazonApp.AmazonApp.suites.LoginTest@a9cd3b1]" started-at="2022-07-07T05:23:09Z" name="LP" finished-at="2022-07-07T05:25:05Z" duration-ms="116028" status="PASS">
          <reporter-output>
          </reporter-output>
        </test-method> <!-- LP -->
        <test-method is-config="true" signature="teardown()[pri:0, instance:AmazonApp.AmazonApp.suites.LoginTest@a9cd3b1]" started-at="2022-07-07T05:25:05Z" name="teardown" finished-at="2022-07-07T05:25:06Z" duration-ms="1156" status="PASS">
          <reporter-output>
          </reporter-output>
        </test-method> <!-- teardown -->
      </class> <!-- AmazonApp.AmazonApp.suites.LoginTest -->
    </test> <!-- Test2 -->
  </suite> <!-- Suite -->
</testng-results>
